mode: atomic
github.com/bishy999/go-simple-webapp/pkg/app/errors.go:5.23,6.16 1 2
github.com/bishy999/go-simple-webapp/pkg/app/errors.go:6.16,8.3 1 0
github.com/bishy999/go-simple-webapp/pkg/app/event.go:51.60,55.16 3 0
github.com/bishy999/go-simple-webapp/pkg/app/event.go:60.2,60.23 1 0
github.com/bishy999/go-simple-webapp/pkg/app/event.go:65.2,71.12 7 0
github.com/bishy999/go-simple-webapp/pkg/app/event.go:55.16,58.3 2 0
github.com/bishy999/go-simple-webapp/pkg/app/event.go:60.23,63.3 2 0
github.com/bishy999/go-simple-webapp/pkg/app/event.go:92.57,98.37 4 0
github.com/bishy999/go-simple-webapp/pkg/app/event.go:105.2,105.12 1 0
github.com/bishy999/go-simple-webapp/pkg/app/event.go:98.37,99.27 1 0
github.com/bishy999/go-simple-webapp/pkg/app/event.go:99.27,103.4 3 0
github.com/bishy999/go-simple-webapp/pkg/app/event.go:105.12,109.3 3 0
github.com/bishy999/go-simple-webapp/pkg/app/event.go:124.61,127.22 2 0
github.com/bishy999/go-simple-webapp/pkg/app/event.go:132.2,133.12 2 0
github.com/bishy999/go-simple-webapp/pkg/app/event.go:127.22,131.3 3 0
github.com/bishy999/go-simple-webapp/pkg/app/event.go:153.60,159.37 4 0
github.com/bishy999/go-simple-webapp/pkg/app/event.go:166.2,166.12 1 0
github.com/bishy999/go-simple-webapp/pkg/app/event.go:159.37,160.27 1 0
github.com/bishy999/go-simple-webapp/pkg/app/event.go:160.27,164.4 3 0
github.com/bishy999/go-simple-webapp/pkg/app/event.go:166.12,170.3 3 0
github.com/bishy999/go-simple-webapp/pkg/app/event.go:193.60,200.16 5 0
github.com/bishy999/go-simple-webapp/pkg/app/event.go:204.2,204.23 1 0
github.com/bishy999/go-simple-webapp/pkg/app/event.go:208.2,211.37 3 0
github.com/bishy999/go-simple-webapp/pkg/app/event.go:221.2,221.12 1 0
github.com/bishy999/go-simple-webapp/pkg/app/event.go:200.16,203.3 2 0
github.com/bishy999/go-simple-webapp/pkg/app/event.go:204.23,207.3 2 0
github.com/bishy999/go-simple-webapp/pkg/app/event.go:211.37,212.40 1 0
github.com/bishy999/go-simple-webapp/pkg/app/event.go:212.40,219.4 6 0
github.com/bishy999/go-simple-webapp/pkg/app/event.go:221.12,225.3 3 0
github.com/bishy999/go-simple-webapp/pkg/app/event.go:250.72,260.16 6 0
github.com/bishy999/go-simple-webapp/pkg/app/event.go:264.2,267.16 3 0
github.com/bishy999/go-simple-webapp/pkg/app/event.go:274.2,276.12 3 0
github.com/bishy999/go-simple-webapp/pkg/app/event.go:260.16,263.3 2 0
github.com/bishy999/go-simple-webapp/pkg/app/event.go:267.16,272.3 4 0
github.com/bishy999/go-simple-webapp/pkg/app/event.go:280.51,290.16 3 0
github.com/bishy999/go-simple-webapp/pkg/app/event.go:293.2,293.25 1 0
github.com/bishy999/go-simple-webapp/pkg/app/event.go:290.16,292.3 1 0
github.com/bishy999/go-simple-webapp/pkg/app/handlers.go:40.56,42.2 1 0
github.com/bishy999/go-simple-webapp/pkg/app/handlers.go:44.65,47.2 2 0
github.com/bishy999/go-simple-webapp/pkg/app/handlers.go:49.71,52.2 2 0
github.com/bishy999/go-simple-webapp/pkg/app/handlers.go:54.68,58.2 3 0
github.com/bishy999/go-simple-webapp/pkg/app/handlers.go:60.65,62.26 1 0
github.com/bishy999/go-simple-webapp/pkg/app/handlers.go:67.2,72.16 5 0
github.com/bishy999/go-simple-webapp/pkg/app/handlers.go:76.2,89.9 8 0
github.com/bishy999/go-simple-webapp/pkg/app/handlers.go:95.2,95.57 1 0
github.com/bishy999/go-simple-webapp/pkg/app/handlers.go:62.26,65.3 2 0
github.com/bishy999/go-simple-webapp/pkg/app/handlers.go:72.16,75.3 2 0
github.com/bishy999/go-simple-webapp/pkg/app/handlers.go:89.9,92.3 2 0
github.com/bishy999/go-simple-webapp/pkg/app/handlers.go:99.66,101.26 1 0
github.com/bishy999/go-simple-webapp/pkg/app/handlers.go:106.2,112.22 5 0
github.com/bishy999/go-simple-webapp/pkg/app/handlers.go:118.2,128.16 7 0
github.com/bishy999/go-simple-webapp/pkg/app/handlers.go:133.2,135.13 3 0
github.com/bishy999/go-simple-webapp/pkg/app/handlers.go:139.2,140.13 2 0
github.com/bishy999/go-simple-webapp/pkg/app/handlers.go:146.2,146.57 1 0
github.com/bishy999/go-simple-webapp/pkg/app/handlers.go:101.26,104.3 2 0
github.com/bishy999/go-simple-webapp/pkg/app/handlers.go:112.22,115.3 2 0
github.com/bishy999/go-simple-webapp/pkg/app/handlers.go:128.16,131.3 2 0
github.com/bishy999/go-simple-webapp/pkg/app/handlers.go:135.13,138.3 2 0
github.com/bishy999/go-simple-webapp/pkg/app/handlers.go:140.13,143.3 2 0
github.com/bishy999/go-simple-webapp/pkg/app/handlers.go:150.66,153.16 2 0
github.com/bishy999/go-simple-webapp/pkg/app/handlers.go:158.2,162.9 3 0
github.com/bishy999/go-simple-webapp/pkg/app/handlers.go:168.2,176.60 3 0
github.com/bishy999/go-simple-webapp/pkg/app/handlers.go:180.2,180.49 1 0
github.com/bishy999/go-simple-webapp/pkg/app/handlers.go:153.16,156.3 2 0
github.com/bishy999/go-simple-webapp/pkg/app/handlers.go:162.9,165.3 2 0
github.com/bishy999/go-simple-webapp/pkg/app/handlers.go:176.60,178.3 1 0
github.com/bishy999/go-simple-webapp/pkg/app/handlers.go:183.65,185.27 1 0
github.com/bishy999/go-simple-webapp/pkg/app/handlers.go:190.2,194.16 5 0
github.com/bishy999/go-simple-webapp/pkg/app/handlers.go:201.2,203.12 3 0
github.com/bishy999/go-simple-webapp/pkg/app/handlers.go:185.27,188.3 2 0
github.com/bishy999/go-simple-webapp/pkg/app/handlers.go:194.16,199.3 4 0
github.com/bishy999/go-simple-webapp/pkg/app/handlers.go:208.53,210.22 1 0
github.com/bishy999/go-simple-webapp/pkg/app/handlers.go:213.2,214.68 1 0
github.com/bishy999/go-simple-webapp/pkg/app/handlers.go:219.2,219.36 1 0
github.com/bishy999/go-simple-webapp/pkg/app/handlers.go:210.22,212.3 1 0
github.com/bishy999/go-simple-webapp/pkg/app/handlers.go:214.68,216.4 1 0
github.com/bishy999/go-simple-webapp/pkg/app/handlers.go:222.73,226.22 2 0
github.com/bishy999/go-simple-webapp/pkg/app/handlers.go:231.2,232.16 2 0
github.com/bishy999/go-simple-webapp/pkg/app/handlers.go:235.2,235.15 1 0
github.com/bishy999/go-simple-webapp/pkg/app/handlers.go:226.22,228.3 1 0
github.com/bishy999/go-simple-webapp/pkg/app/handlers.go:232.16,234.3 1 0
github.com/bishy999/go-simple-webapp/pkg/app/routes.go:9.33,40.2 22 0
github.com/bishy999/go-simple-webapp/pkg/app/sessions.go:14.71,21.16 4 0
github.com/bishy999/go-simple-webapp/pkg/app/sessions.go:29.2,34.16 4 0
github.com/bishy999/go-simple-webapp/pkg/app/sessions.go:37.2,39.10 2 0
github.com/bishy999/go-simple-webapp/pkg/app/sessions.go:21.16,28.3 2 0
github.com/bishy999/go-simple-webapp/pkg/app/sessions.go:34.16,36.3 1 0
github.com/bishy999/go-simple-webapp/pkg/app/sessions.go:43.72,46.16 2 0
github.com/bishy999/go-simple-webapp/pkg/app/sessions.go:50.2,51.16 2 0
github.com/bishy999/go-simple-webapp/pkg/app/sessions.go:55.2,56.22 2 0
github.com/bishy999/go-simple-webapp/pkg/app/sessions.go:61.2,64.13 3 0
github.com/bishy999/go-simple-webapp/pkg/app/sessions.go:46.16,48.3 1 0
github.com/bishy999/go-simple-webapp/pkg/app/sessions.go:51.16,53.3 1 0
github.com/bishy999/go-simple-webapp/pkg/app/sessions.go:56.22,58.3 1 0
github.com/bishy999/go-simple-webapp/pkg/app/sessions.go:67.32,70.31 3 0
github.com/bishy999/go-simple-webapp/pkg/app/sessions.go:70.31,72.54 1 0
github.com/bishy999/go-simple-webapp/pkg/app/sessions.go:72.54,75.4 2 0
github.com/bishy999/go-simple-webapp/pkg/app/config.go:34.22,39.16 3 0
github.com/bishy999/go-simple-webapp/pkg/app/config.go:42.2,42.51 1 0
github.com/bishy999/go-simple-webapp/pkg/app/config.go:46.2,47.10 2 0
github.com/bishy999/go-simple-webapp/pkg/app/config.go:39.16,41.3 1 0
github.com/bishy999/go-simple-webapp/pkg/app/config.go:42.51,44.3 1 0
github.com/bishy999/go-simple-webapp/pkg/app/database.go:12.30,19.55 5 0
github.com/bishy999/go-simple-webapp/pkg/app/database.go:36.2,37.12 2 0
github.com/bishy999/go-simple-webapp/pkg/app/database.go:19.55,22.17 2 0
github.com/bishy999/go-simple-webapp/pkg/app/database.go:22.17,28.18 5 0
github.com/bishy999/go-simple-webapp/pkg/app/database.go:33.4,33.13 1 0
github.com/bishy999/go-simple-webapp/pkg/app/database.go:28.18,31.13 3 0
github.com/bishy999/go-simple-webapp/pkg/app/database.go:43.48,50.18 5 1
github.com/bishy999/go-simple-webapp/pkg/app/database.go:61.2,61.10 1 1
github.com/bishy999/go-simple-webapp/pkg/app/database.go:50.18,59.3 8 1
github.com/bishy999/go-simple-webapp/pkg/app/database.go:66.48,73.18 5 0
github.com/bishy999/go-simple-webapp/pkg/app/database.go:82.2,82.10 1 0
github.com/bishy999/go-simple-webapp/pkg/app/database.go:73.18,80.3 6 0
github.com/bishy999/go-simple-webapp/pkg/app/database.go:87.38,102.2 9 0
github.com/bishy999/go-simple-webapp/pkg/app/database.go:106.44,121.2 9 0
github.com/bishy999/go-simple-webapp/pkg/app/database.go:125.46,139.2 9 0
github.com/bishy999/go-simple-webapp/pkg/app/database.go:143.44,150.18 5 0
github.com/bishy999/go-simple-webapp/pkg/app/database.go:159.2,159.10 1 0
github.com/bishy999/go-simple-webapp/pkg/app/database.go:150.18,157.3 6 0
